2018-06-20 09:43:38 +0000  Initial pipeline context: <IDEDistributionProcessingPipelineContext: 0x7fef2444fb20; archive(resolved)='<IDEArchive: 0x7fef232048c0>', distributionTask(resolved)='2', distributionMethod(resolved)='<IDEDistributionMethodAdHoc: 0x7fef4caea0b0>', team(resolved)='<IDEProvisioningBasicTeam 0x7fef76a18d80: teamID: DE37KTERBJ, teamName: Feng Bang Leasing(Shanghai)Co., Ltd.>'>
	Chain (11, self inclusive):
	<IDEDistributionProcessingPipelineContext: 0x7fef2444fb20; archive = '<IDEArchive: 0x7fef232048c0>', distributionMethod='<IDEDistributionMethodAdHoc: 0x7fef4caea0b0>', team='<IDEProvisioningBasicTeam 0x7fef76a18d80: teamID: DE37KTERBJ, teamName: Feng Bang Leasing(Shanghai)Co., Ltd.>'>
	<IDEDistributionProcessingPipelineContext: 0x7fef0ec2e9f0; archive = '<IDEArchive: 0x7fef232048c0>', distributionMethod='<IDEDistributionMethodAdHoc: 0x7fef4caea0b0>', team='<IDEProvisioningBasicTeam 0x7fef76a18d80: teamID: DE37KTERBJ, teamName: Feng Bang Leasing(Shanghai)Co., Ltd.>'>
	<IDEDistributionContext: 0x7fef3d310c90; archive = '<IDEArchive: 0x7fef232048c0>', distributionMethod='<IDEDistributionMethodAdHoc: 0x7fef4caea0b0>', team='<IDEProvisioningBasicTeam 0x7fef76a18d80: teamID: DE37KTERBJ, teamName: Feng Bang Leasing(Shanghai)Co., Ltd.>'>
	<IDEDistributionContext: 0x7fef06b24180; archive = '<IDEArchive: 0x7fef232048c0>', distributionMethod='<IDEDistributionMethodAdHoc: 0x7fef4caea0b0>', team='<IDEProvisioningBasicTeam 0x7fef76a18d80: teamID: DE37KTERBJ, teamName: Feng Bang Leasing(Shanghai)Co., Ltd.>'>
	<IDEDistributionContext: 0x7fef3c21caa0; archive = '<IDEArchive: 0x7fef232048c0>', distributionMethod='<IDEDistributionMethodAdHoc: 0x7fef4caea0b0>', team='<IDEProvisioningBasicTeam 0x7fef76a18d80: teamID: DE37KTERBJ, teamName: Feng Bang Leasing(Shanghai)Co., Ltd.>'>
	<IDEDistributionContext: 0x7fef70374170; archive = '<IDEArchive: 0x7fef232048c0>', distributionMethod='<IDEDistributionMethodAdHoc: 0x7fef4caea0b0>', team='<IDEProvisioningBasicTeam 0x7fef76a18d80: teamID: DE37KTERBJ, teamName: Feng Bang Leasing(Shanghai)Co., Ltd.>'>
	<IDEDistributionContext: 0x7fef39cc1010; archive = '<IDEArchive: 0x7fef232048c0>', distributionMethod='<IDEDistributionMethodAdHoc: 0x7fef4caea0b0>', team='<IDEProvisioningBasicTeam 0x7fef76a18d80: teamID: DE37KTERBJ, teamName: Feng Bang Leasing(Shanghai)Co., Ltd.>'>
	<IDEDistributionContext: 0x7fef0dd4dc50; archive = '<IDEArchive: 0x7fef232048c0>', distributionMethod='<IDEDistributionMethodAdHoc: 0x7fef4caea0b0>', team='<IDEProvisioningBasicTeam 0x7fef76a18d80: teamID: DE37KTERBJ, teamName: Feng Bang Leasing(Shanghai)Co., Ltd.>'>
	<IDEDistributionContext: 0x7fef11110500; archive = '<IDEArchive: 0x7fef232048c0>', distributionMethod='<IDEDistributionMethodAdHoc: 0x7fef4caea0b0>', team='<IDEProvisioningBasicTeam 0x7fef76a18d80: teamID: DE37KTERBJ, teamName: Feng Bang Leasing(Shanghai)Co., Ltd.>'>
	<IDEDistributionContext: 0x7fef11279c60; archive = '<IDEArchive: 0x7fef232048c0>', distributionMethod='<IDEDistributionMethodAdHoc: 0x7fef4caea0b0>', team='(null)'>
	<IDEDistributionContext: 0x7fef0ecc89d0; archive = '<IDEArchive: 0x7fef232048c0>', distributionMethod='(null)', team='(null)'>
</IDEDistributionProcessingPipelineContext: 0x7fef2444fb20>
2018-06-20 09:43:38 +0000  Processing step: IDEDistributionCreateDestRootStep
2018-06-20 09:43:38 +0000  Processing step: IDEDistributionCopyItemStep
2018-06-20 09:43:38 +0000  Running /usr/bin/ditto '-V' '/Users/fb/Library/Developer/Xcode/Archives/2018-06-20/KVVipPlayer 2018-6-20, 3.22 PM.xcarchive/Products/Applications/KVVipPlayer.app' '/var/folders/2p/k1n77ktx4fj5cxdgvgqnb49m0000gp/T/XcodeDistPipeline.qmP/Root/Payload/KVVipPlayer.app'
2018-06-20 09:43:38 +0000  >>> Copying /Users/fb/Library/Developer/Xcode/Archives/2018-06-20/KVVipPlayer 2018-6-20, 3.22 PM.xcarchive/Products/Applications/KVVipPlayer.app 
2018-06-20 09:43:38 +0000  copying file ./_CodeSignature/CodeResources ... 
2018-06-20 09:43:38 +0000  3229 bytes for ./_CodeSignature/CodeResources
2018-06-20 09:43:38 +0000  copying file ./KVVipPlayer ... 
2018-06-20 09:43:38 +0000  442528 bytes for ./KVVipPlayer
2018-06-20 09:43:38 +0000  copying file ./archived-expanded-entitlements.xcent ... 
2018-06-20 09:43:38 +0000  376 bytes for ./archived-expanded-entitlements.xcent
copying file ./LaunchImage-700-568h@2x.png ... 
2018-06-20 09:43:38 +0000  14942 bytes for ./LaunchImage-700-568h@2x.png
2018-06-20 09:43:38 +0000  copying file ./embedded.mobileprovision ... 
2018-06-20 09:43:38 +0000  8843 bytes for ./embedded.mobileprovision
copying file ./Info.plist ... 
2018-06-20 09:43:38 +0000  1296 bytes for ./Info.plist
2018-06-20 09:43:38 +0000  copying file ./PkgInfo ... 
2018-06-20 09:43:38 +0000  8 bytes for ./PkgInfo
2018-06-20 09:43:38 +0000  
2018-06-20 09:43:38 +0000  
2018-06-20 09:43:38 +0000  /usr/bin/ditto exited with 0
2018-06-20 09:43:38 +0000  
2018-06-20 09:43:38 +0000  2018-06-20 09:43:38 +0000  Processing step: IDEDistributionEmbedProfileStep

2018-06-20 09:43:38 +0000  Processing step: IDEDistributionAppThinningPlistStep
2018-06-20 09:43:38 +0000  Skipping step: IDEDistributionAppThinningPlistStep because it said so
2018-06-20 09:43:38 +0000  Processing step: IDEDistributionCompileBitcodeStep
2018-06-20 09:43:38 +0000  Skipping step: IDEDistributionCompileBitcodeStep because it said so
2018-06-20 09:43:38 +0000  Processing step: IDEDistributionCodeSlimmingStep
2018-06-20 09:43:38 +0000  Processing step: IDEDistributionCopyBCSymbolMapsStep
2018-06-20 09:43:38 +0000  Skipping step: IDEDistributionCopyBCSymbolMapsStep because it said so
2018-06-20 09:43:38 +0000  Processing step: IDEDistributionSymbolsStep
2018-06-20 09:43:38 +0000  Skipping step: IDEDistributionSymbolsStep because it said so
2018-06-20 09:43:38 +0000  Processing step: IDEDistributionAppThinningStep
2018-06-20 09:43:38 +0000  Skipping step: IDEDistributionAppThinningStep because it said so
2018-06-20 09:43:38 +0000  Processing step: IDEDistributionODRStep
2018-06-20 09:43:38 +0000  Processing step: IDEDistributionStripXattrsStep
2018-06-20 09:43:38 +0000  Running /usr/bin/xattr '-crs' '/var/folders/2p/k1n77ktx4fj5cxdgvgqnb49m0000gp/T/XcodeDistPipeline.qmP/Root/Payload/KVVipPlayer.app'
2018-06-20 09:43:39 +0000  2018-06-20 09:43:39 +0000  

2018-06-20 09:43:39 +0000  /usr/bin/xattr exited with 0
2018-06-20 09:43:39 +0000  
2018-06-20 09:43:39 +0000  Processing step: IDEDistributionCodesignStep2018-06-20 09:43:39 +0000  

2018-06-20 09:43:39 +0000  Applying entitlements delta for <IDEDistributionItem: 0x7fef16649320 'com.kevin.vipplayer' '<DVTFilePath:0x7fef245ea050:'/Users/fb/Library/Developer/Xcode/Archives/2018-06-20/KVVipPlayer 2018-6-20, 3.22 PM.xcarchive/Products/Applications/KVVipPlayer.app'>'> from <IDEiCloudEntitlementsProcessor: 0x7fef92da0cd0>: {
}
2018-06-20 09:43:39 +0000  Entitlements for <IDEDistributionItem: 0x7fef16649320 'com.kevin.vipplayer' '<DVTFilePath:0x7fef245ea050:'/Users/fb/Library/Developer/Xcode/Archives/2018-06-20/KVVipPlayer 2018-6-20, 3.22 PM.xcarchive/Products/Applications/KVVipPlayer.app'>'>: {
    "application-identifier" = "DE37KTERBJ.com.kevin.vipplayer";
    "com.apple.developer.team-identifier" = DE37KTERBJ;
    "get-task-allow" = 0;
    "keychain-access-groups" =     (
        "DE37KTERBJ.com.kevin.vipplayer"
    );
}
2018-06-20 09:43:39 +0000  Writing entitlements for <IDEDistributionItem: 0x7fef16649320 'com.kevin.vipplayer' '<DVTFilePath:0x7fef245ea050:'/Users/fb/Library/Developer/Xcode/Archives/2018-06-20/KVVipPlayer 2018-6-20, 3.22 PM.xcarchive/Products/Applications/KVVipPlayer.app'>'> to: /var/folders/2p/k1n77ktx4fj5cxdgvgqnb49m0000gp/T/XcodeDistPipeline.qmP/entitlementsdhpq84
2018-06-20 09:43:39 +0000  Running /usr/bin/codesign '-vvv' '--force' '--sign' '5E7638E1A7A632CF43F0F738E125A300050F4025' '--preserve-metadata=identifier,flags' '--entitlements' '/var/folders/2p/k1n77ktx4fj5cxdgvgqnb49m0000gp/T/XcodeDistPipeline.qmP/entitlementsdhpq84' '/var/folders/2p/k1n77ktx4fj5cxdgvgqnb49m0000gp/T/XcodeDistPipeline.qmP/Root/Payload/KVVipPlayer.app'
2018-06-20 09:43:39 +0000  /var/folders/2p/k1n77ktx4fj5cxdgvgqnb49m0000gp/T/XcodeDistPipeline.qmP/Root/Payload/KVVipPlayer.app: signed app bundle with Mach-O universal (armv7 arm64) [com.kevin.vipplayer]
2018-06-20 09:43:39 +0000  
2018-06-20 09:43:39 +0000  
2018-06-20 09:43:39 +0000  /usr/bin/codesign exited with 0
2018-06-20 09:43:39 +0000  2018-06-20 09:43:39 +0000  

2018-06-20 09:43:39 +0000  Processing step: IDEDistributionStreamingZipItemStep
2018-06-20 09:43:39 +0000  Skipping step: IDEDistributionStreamingZipItemStep because it said so
2018-06-20 09:43:39 +0000  Processing step: IDEDistributionCreateIPAStep
2018-06-20 09:43:39 +0000  Running /usr/bin/ditto '-V' '-c' '-k' '--norsrc' '/var/folders/2p/k1n77ktx4fj5cxdgvgqnb49m0000gp/T/XcodeDistPipeline.qmP/Root' '/var/folders/2p/k1n77ktx4fj5cxdgvgqnb49m0000gp/T/XcodeDistPipeline.qmP/Packages/KVVipPlayer.ipa'
2018-06-20 09:43:39 +0000  >>> Copying /var/folders/2p/k1n77ktx4fj5cxdgvgqnb49m0000gp/T/XcodeDistPipeline.qmP/Root 
2018-06-20 09:43:39 +0000  copying file ./Payload/KVVipPlayer.app/_CodeSignature/CodeResources ... 
2018-06-20 09:43:39 +0000  3229 bytes for ./Payload/KVVipPlayer.app/_CodeSignature/CodeResources
2018-06-20 09:43:39 +0000  copying file ./Payload/KVVipPlayer.app/KVVipPlayer ... 
2018-06-20 09:43:39 +0000  178752 bytes for ./Payload/KVVipPlayer.app/KVVipPlayer
copying file ./Payload/KVVipPlayer.app/archived-expanded-entitlements.xcent ... 
2018-06-20 09:43:39 +0000  376 bytes for ./Payload/KVVipPlayer.app/archived-expanded-entitlements.xcent
copying file ./Payload/KVVipPlayer.app/LaunchImage-700-568h@2x.png ... 
2018-06-20 09:43:39 +0000  14942 bytes for ./Payload/KVVipPlayer.app/LaunchImage-700-568h@2x.png
copying file ./Payload/KVVipPlayer.app/embedded.mobileprovision ... 
2018-06-20 09:43:39 +0000  7825 bytes for ./Payload/KVVipPlayer.app/embedded.mobileprovision
copying file ./Payload/KVVipPlayer.app/Info.plist ... 
2018-06-20 09:43:39 +0000  1296 bytes for ./Payload/KVVipPlayer.app/Info.plist
copying file ./Payload/KVVipPlayer.app/PkgInfo ... 
8 bytes for ./Payload/KVVipPlayer.app/PkgInfo
2018-06-20 09:43:39 +0000  2018-06-20 09:43:39 +0000  

2018-06-20 09:43:39 +0000  
2018-06-20 09:43:39 +0000  /usr/bin/ditto exited with 0
2018-06-20 09:43:39 +0000  2018-06-20 09:43:39 +0000  

2018-06-20 09:43:39 +0000  Processing step: IDEDistributionCreateManifestStep
